Started GET "/" for ::1 at 2017-03-29 09:34:26 -0500
  
ActiveRecord::NoDatabaseError (FATAL:  database "public-art_development" does not exist
):
  
activerecord (5.0.1) lib/active_record/connection_adapters/postgresql_adapter.rb:675:in `rescue in connect'
activerecord (5.0.1) lib/active_record/connection_adapters/postgresql_adapter.rb:671:in `connect'
activerecord (5.0.1) lib/active_record/connection_adapters/postgresql_adapter.rb:217:in `initialize'
activerecord (5.0.1) lib/active_record/connection_adapters/postgresql_adapter.rb:37:in `new'
activerecord (5.0.1) lib/active_record/connection_adapters/postgresql_adapter.rb:37:in `postgresql_connection'
activerecord (5.0.1) lib/active_record/connection_adapters/abstract/connection_pool.rb:729:in `new_connection'
activerecord (5.0.1) lib/active_record/connection_adapters/abstract/connection_pool.rb:773:in `checkout_new_connection'
activerecord (5.0.1) lib/active_record/connection_adapters/abstract/connection_pool.rb:752:in `try_to_checkout_new_connection'
activerecord (5.0.1) lib/active_record/connection_adapters/abstract/connection_pool.rb:713:in `acquire_connection'
activerecord (5.0.1) lib/active_record/connection_adapters/abstract/connection_pool.rb:490:in `checkout'
activerecord (5.0.1) lib/active_record/connection_adapters/abstract/connection_pool.rb:364:in `connection'
activerecord (5.0.1) lib/active_record/connection_adapters/abstract/connection_pool.rb:883:in `retrieve_connection'
activerecord (5.0.1) lib/active_record/connection_handling.rb:128:in `retrieve_connection'
activerecord (5.0.1) lib/active_record/connection_handling.rb:91:in `connection'
activerecord (5.0.1) lib/active_record/migration.rb:559:in `connection'
activerecord (5.0.1) lib/active_record/migration.rb:546:in `call'
actionpack (5.0.1) lib/action_dispatch/middleware/callbacks.rb:38:in `block in call'
activesupport (5.0.1) lib/active_support/callbacks.rb:97:in `__run_callbacks__'
activesupport (5.0.1) lib/active_support/callbacks.rb:750:in `_run_call_callbacks'
activesupport (5.0.1) lib/active_support/callbacks.rb:90:in `run_callbacks'
actionpack (5.0.1) lib/action_dispatch/middleware/callbacks.rb:36:in `call'
actionpack (5.0.1) lib/action_dispatch/middleware/executor.rb:12:in `call'
actionpack (5.0.1) lib/action_dispatch/middleware/remote_ip.rb:79:in `call'
actionpack (5.0.1) lib/action_dispatch/middleware/debug_exceptions.rb:49:in `call'
web-console (3.4.0) lib/web_console/middleware.rb:135:in `call_app'
web-console (3.4.0) lib/web_console/middleware.rb:28:in `block in call'
web-console (3.4.0) lib/web_console/middleware.rb:18:in `catch'
web-console (3.4.0) lib/web_console/middleware.rb:18:in `call'
actionpack (5.0.1) lib/action_dispatch/middleware/show_exceptions.rb:31:in `call'
railties (5.0.1) lib/rails/rack/logger.rb:36:in `call_app'
railties (5.0.1) lib/rails/rack/logger.rb:24:in `block in call'
activesupport (5.0.1) lib/active_support/tagged_logging.rb:69:in `block in tagged'
activesupport (5.0.1) lib/active_support/tagged_logging.rb:26:in `tagged'
activesupport (5.0.1) lib/active_support/tagged_logging.rb:69:in `tagged'
railties (5.0.1) lib/rails/rack/logger.rb:24:in `call'
sprockets-rails (3.2.0) lib/sprockets/rails/quiet_assets.rb:13:in `call'
actionpack (5.0.1) lib/action_dispatch/middleware/request_id.rb:24:in `call'
rack (2.0.1) lib/rack/method_override.rb:22:in `call'
rack (2.0.1) lib/rack/runtime.rb:22:in `call'
activesupport (5.0.1) lib/active_support/cache/strategy/local_cache_middleware.rb:28:in `call'
actionpack (5.0.1) lib/action_dispatch/middleware/executor.rb:12:in `call'
actionpack (5.0.1) lib/action_dispatch/middleware/static.rb:136:in `call'
rack (2.0.1) lib/rack/sendfile.rb:111:in `call'
railties (5.0.1) lib/rails/engine.rb:522:in `call'
puma (3.7.1) lib/puma/configuration.rb:232:in `call'
puma (3.7.1) lib/puma/server.rb:578:in `handle_request'
puma (3.7.1) lib/puma/server.rb:415:in `process_client'
puma (3.7.1) lib/puma/server.rb:275:in `block in run'
puma (3.7.1) lib/puma/thread_pool.rb:120:in `block in spawn_thread'
  Rendering /Users/conlinmcmanus/.rbenv/versions/2.4.0/lib/ruby/gems/2.4.0/gems/actionpack-5.0.1/lib/action_dispatch/middleware/templates/rescues/diagnostics.html.erb within rescues/layout
  Rendering /Users/conlinmcmanus/.rbenv/versions/2.4.0/lib/ruby/gems/2.4.0/gems/actionpack-5.0.1/lib/action_dispatch/middleware/templates/rescues/_source.html.erb
  Rendered /Users/conlinmcmanus/.rbenv/versions/2.4.0/lib/ruby/gems/2.4.0/gems/actionpack-5.0.1/lib/action_dispatch/middleware/templates/rescues/_source.html.erb (4.8ms)
  Rendering /Users/conlinmcmanus/.rbenv/versions/2.4.0/lib/ruby/gems/2.4.0/gems/actionpack-5.0.1/lib/action_dispatch/middleware/templates/rescues/_trace.html.erb
  Rendered /Users/conlinmcmanus/.rbenv/versions/2.4.0/lib/ruby/gems/2.4.0/gems/actionpack-5.0.1/lib/action_dispatch/middleware/templates/rescues/_trace.html.erb (3.8ms)
  Rendering /Users/conlinmcmanus/.rbenv/versions/2.4.0/lib/ruby/gems/2.4.0/gems/actionpack-5.0.1/lib/action_dispatch/middleware/templates/rescues/_request_and_response.html.erb
  Rendered /Users/conlinmcmanus/.rbenv/versions/2.4.0/lib/ruby/gems/2.4.0/gems/actionpack-5.0.1/lib/action_dispatch/middleware/templates/rescues/_request_and_response.html.erb (2.0ms)
  Rendered /Users/conlinmcmanus/.rbenv/versions/2.4.0/lib/ruby/gems/2.4.0/gems/actionpack-5.0.1/lib/action_dispatch/middleware/templates/rescues/diagnostics.html.erb within rescues/layout (191.8ms)
  [1m[35m (7.2ms)[0m  [1m[35mDROP DATABASE IF EXISTS "public-art_development"[0m
  [1m[35m (0.2ms)[0m  [1m[35mDROP DATABASE IF EXISTS "public-art_test"[0m
  [1m[35m (5085.9ms)[0m  [1m[35mCREATE DATABASE "public-art_development" ENCODING = 'unicode'[0m
  [1m[35m (1244.8ms)[0m  [1m[35mCREATE DATABASE "public-art_test" ENCODING = 'unicode'[0m
  [1m[35m (361.5ms)[0m  [1m[35mCREATE TABLE "schema_migrations" ("version" character varying PRIMARY KEY)[0m
  [1m[35m (95.7ms)[0m  [1m[35mCREATE TABLE "ar_internal_metadata" ("key" character varying PRIMARY KEY, "value" character varying, "created_at" timestamp NOT NULL, "updated_at" timestamp NOT NULL)[0m
  [1m[35m (45.2ms)[0m  [1m[34mSELECT pg_try_advisory_lock(6842363107111561470);[0m
  [1m[36mActiveRecord::SchemaMigration Load (0.5ms)[0m  [1m[34mSELECT "schema_migrations".* FROM "schema_migrations"[0m
Migrating to DeviseCreateUsers (20170301222957)
  [1m[35m (0.2ms)[0m  [1m[35mBEGIN[0m
  [1m[35m (178.8ms)[0m  [1m[35mCREATE TABLE "users" ("id" serial primary key, "email" character varying DEFAULT '' NOT NULL, "encrypted_password" character varying DEFAULT '' NOT NULL, "reset_password_token" character varying, "reset_password_sent_at" timestamp, "remember_created_at" timestamp, "sign_in_count" integer DEFAULT 0 NOT NULL, "current_sign_in_at" timestamp, "last_sign_in_at" timestamp, "current_sign_in_ip" inet, "last_sign_in_ip" inet, "created_at" timestamp NOT NULL, "updated_at" timestamp NOT NULL)[0m
  [1m[35m (32.3ms)[0m  [1m[35mCREATE UNIQUE INDEX  "index_users_on_email" ON "users"  ("email")[0m
  [1m[35m (1.2ms)[0m  [1m[35mCREATE UNIQUE INDEX  "index_users_on_reset_password_token" ON "users"  ("reset_password_token")[0m
  [1m[35mSQL (30.3ms)[0m  [1m[32mINSERT INTO "schema_migrations" ("version") VALUES ($1) RETURNING "version"[0m  [["version", "20170301222957"]]
  [1m[35m (1.0ms)[0m  [1m[35mCOMMIT[0m
Migrating to CreateLocations (20170301225833)
  [1m[35m (25.4ms)[0m  [1m[35mBEGIN[0m
  [1m[35m (68.8ms)[0m  [1m[35mCREATE TABLE "locations" ("id" serial primary key, "title" text, "description" text, "address" text, "created_at" timestamp NOT NULL, "updated_at" timestamp NOT NULL)[0m
  [1m[35mSQL (0.7ms)[0m  [1m[32mINSERT INTO "schema_migrations" ("version") VALUES ($1) RETURNING "version"[0m  [["version", "20170301225833"]]
  [1m[35m (0.9ms)[0m  [1m[35mCOMMIT[0m
  [1m[36mActiveRecord::InternalMetadata Load (49.7ms)[0m  [1m[34mSELECT  "ar_internal_metadata".* FROM "ar_internal_metadata" WHERE "ar_internal_metadata"."key" = $1 LIMIT $2[0m  [["key", :environment], ["LIMIT", 1]]
  [1m[35m (0.2ms)[0m  [1m[35mBEGIN[0m
  [1m[35mSQL (77.5ms)[0m  [1m[32mINSERT INTO "ar_internal_metadata" ("key", "value", "created_at", "updated_at") VALUES ($1, $2, $3, $4) RETURNING "key"[0m  [["key", "environment"], ["value", "development"], ["created_at", 2017-03-29 14:35:37 UTC], ["updated_at", 2017-03-29 14:35:37 UTC]]
  [1m[35m (0.8ms)[0m  [1m[35mCOMMIT[0m
  [1m[35m (0.3ms)[0m  [1m[34mSELECT pg_advisory_unlock(6842363107111561470)[0m
  [1m[36mActiveRecord::SchemaMigration Load (0.3ms)[0m  [1m[34mSELECT "schema_migrations".* FROM "schema_migrations"[0m
  [1m[36mActiveRecord::SchemaMigration Load (0.2ms)[0m  [1m[34mSELECT "schema_migrations".* FROM "schema_migrations"[0m
Started GET "/" for ::1 at 2017-03-29 09:36:24 -0500
  [1m[36mActiveRecord::SchemaMigration Load (1.0ms)[0m  [1m[34mSELECT "schema_migrations".* FROM "schema_migrations"[0m
Processing by LocationsController#index as HTML
Completed 401 Unauthorized in 96ms (ActiveRecord: 0.0ms)


Started GET "/users/sign_in" for ::1 at 2017-03-29 09:36:25 -0500
Processing by Devise::SessionsController#new as HTML
  Rendering devise/sessions/new.html.erb within layouts/application
  Rendered /Users/conlinmcmanus/.rbenv/versions/2.4.0/lib/ruby/gems/2.4.0/gems/devise-4.2.0/app/views/devise/shared/_links.html.erb (2.2ms)
  Rendered devise/sessions/new.html.erb within layouts/application (132.6ms)
  Rendered layouts/_header.html.erb (3.3ms)
Completed 200 OK in 5551ms (Views: 5497.1ms | ActiveRecord: 6.8ms)


  [1m[35m (0.3ms)[0m  [1m[34mSELECT pg_try_advisory_lock(6842363107111561470);[0m
  [1m[36mActiveRecord::SchemaMigration Load (0.7ms)[0m  [1m[34mSELECT "schema_migrations".* FROM "schema_migrations"[0m
Migrating to AddLatitudeAndLongitudeToLocations (20170329143736)
  [1m[35m (0.3ms)[0m  [1m[35mBEGIN[0m
  [1m[35m (56.4ms)[0m  [1m[35mALTER TABLE "locations" ADD "latitude" float[0m
  [1m[35m (0.4ms)[0m  [1m[35mALTER TABLE "locations" ADD "longitude" float[0m
  [1m[35mSQL (0.7ms)[0m  [1m[32mINSERT INTO "schema_migrations" ("version") VALUES ($1) RETURNING "version"[0m  [["version", "20170329143736"]]
  [1m[35m (41.6ms)[0m  [1m[35mCOMMIT[0m
  [1m[36mActiveRecord::InternalMetadata Load (0.5ms)[0m  [1m[34mSELECT  "ar_internal_metadata".* FROM "ar_internal_metadata" WHERE "ar_internal_metadata"."key" = $1 LIMIT $2[0m  [["key", :environment], ["LIMIT", 1]]
  [1m[35m (0.1ms)[0m  [1m[35mBEGIN[0m
  [1m[35m (0.1ms)[0m  [1m[35mCOMMIT[0m
  [1m[35m (0.3ms)[0m  [1m[34mSELECT pg_advisory_unlock(6842363107111561470)[0m
  [1m[36mActiveRecord::SchemaMigration Load (0.4ms)[0m  [1m[34mSELECT "schema_migrations".* FROM "schema_migrations"[0m
Started GET "/users/sign_up" for ::1 at 2017-03-29 09:44:15 -0500
  [1m[36mActiveRecord::SchemaMigration Load (0.7ms)[0m  [1m[34mSELECT "schema_migrations".* FROM "schema_migrations"[0m
Processing by Devise::RegistrationsController#new as HTML
  Rendering devise/registrations/new.html.erb within layouts/application
  Rendered /Users/conlinmcmanus/.rbenv/versions/2.4.0/lib/ruby/gems/2.4.0/gems/devise-4.2.0/app/views/devise/shared/_links.html.erb (1.5ms)
  Rendered devise/registrations/new.html.erb within layouts/application (324.0ms)
  Rendered layouts/_header.html.erb (1.9ms)
Completed 200 OK in 1055ms (Views: 988.9ms | ActiveRecord: 4.2ms)


Started POST "/users" for ::1 at 2017-03-29 09:44:29 -0500
Processing by Devise::RegistrationsController#create as HTML
  Parameters: {"utf8"=>"✓", "authenticity_token"=>"0NUQ1Q4h+QN83edU7eBZJ3Hk0E1JjQXc+TTccdvOr5OW2LCneKteG1PHy0lWuUVh82qDkT1U0RA6vsZRL0J3yQ==", "user"=>{"email"=>"conlinmcmanus@gmail.com", "password"=>"[FILTERED]", "password_confirmation"=>"[FILTERED]"}, "commit"=>"Sign Up"}
  [1m[35m (0.2ms)[0m  [1m[35mBEGIN[0m
  [1m[36mUser Exists (276.4ms)[0m  [1m[34mSELECT  1 AS one FROM "users" WHERE "users"."email" = $1 LIMIT $2[0m  [["email", "conlinmcmanus@gmail.com"], ["LIMIT", 1]]
  [1m[35mSQL (58.2ms)[0m  [1m[32mINSERT INTO "users" ("email", "encrypted_password", "created_at", "updated_at") VALUES ($1, $2, $3, $4) RETURNING "id"[0m  [["email", "conlinmcmanus@gmail.com"], ["encrypted_password", "$2a$11$0zNlRIe8WT6EPESOVSTKRebL4qT9bzrWqfs8Xox63ks99WbvlB2qS"], ["created_at", 2017-03-29 14:44:30 UTC], ["updated_at", 2017-03-29 14:44:30 UTC]]
  [1m[35m (121.6ms)[0m  [1m[35mCOMMIT[0m
  [1m[35m (0.2ms)[0m  [1m[35mBEGIN[0m
  [1m[35mSQL (73.0ms)[0m  [1m[33mUPDATE "users" SET "sign_in_count" = $1, "current_sign_in_at" = $2, "last_sign_in_at" = $3, "current_sign_in_ip" = $4, "last_sign_in_ip" = $5, "updated_at" = $6 WHERE "users"."id" = $7[0m  [["sign_in_count", 1], ["current_sign_in_at", 2017-03-29 14:44:30 UTC], ["last_sign_in_at", 2017-03-29 14:44:30 UTC], ["current_sign_in_ip", "::1/128"], ["last_sign_in_ip", "::1/128"], ["updated_at", 2017-03-29 14:44:30 UTC], ["id", 1]]
  [1m[35m (81.9ms)[0m  [1m[35mCOMMIT[0m
Redirected to http://localhost:3000/
Completed 302 Found in 1151ms (ActiveRecord: 611.7ms)


Started GET "/" for ::1 at 2017-03-29 09:44:31 -0500
Processing by LocationsController#index as HTML
  [1m[36mUser Load (1.7ms)[0m  [1m[34mSELECT  "users".* FROM "users" WHERE "users"."id" = $1 ORDER BY "users"."id" ASC LIMIT $2[0m  [["id", 1], ["LIMIT", 1]]
  Rendering locations/index.html.erb within layouts/application
  [1m[36mLocation Load (51.0ms)[0m  [1m[34mSELECT "locations".* FROM "locations"[0m
  Rendered locations/index.html.erb within layouts/application (113.4ms)
  Rendered layouts/_header.html.erb (1.2ms)
Completed 200 OK in 351ms (Views: 194.9ms | ActiveRecord: 55.8ms)


Started GET "/locations/new" for ::1 at 2017-03-29 09:44:39 -0500
Processing by LocationsController#new as HTML
  [1m[36mUser Load (0.6ms)[0m  [1m[34mSELECT  "users".* FROM "users" WHERE "users"."id" = $1 ORDER BY "users"."id" ASC LIMIT $2[0m  [["id", 1], ["LIMIT", 1]]
  Rendering locations/new.html.erb within layouts/application
  Rendered locations/_form.html.erb (34.3ms)
  Rendered locations/new.html.erb within layouts/application (290.4ms)
  Rendered layouts/_header.html.erb (1.3ms)
Completed 200 OK in 567ms (Views: 445.5ms | ActiveRecord: 4.6ms)


Started POST "/locations" for ::1 at 2017-03-29 09:45:14 -0500
Processing by LocationsController#create as HTML
  Parameters: {"utf8"=>"✓", "authenticity_token"=>"Xbiwna3G1B2Y12R5J7zbOYV8jXarAowlSw5reGZlpd8btRDv20xzBbfNSGSc5cd/B/Leqt/bWOmIhHFYkul9hQ==", "location"=>{"title"=>"Code Platoon", "address"=>"444 N Wabash Chicago IL", "description"=>"Bootcamp"}, "commit"=>"Create Location"}
  [1m[36mUser Load (0.7ms)[0m  [1m[34mSELECT  "users".* FROM "users" WHERE "users"."id" = $1 ORDER BY "users"."id" ASC LIMIT $2[0m  [["id", 1], ["LIMIT", 1]]
  [1m[35m (0.3ms)[0m  [1m[35mBEGIN[0m
  [1m[35mSQL (93.3ms)[0m  [1m[32mINSERT INTO "locations" ("title", "description", "address", "created_at", "updated_at", "latitude", "longitude") VALUES ($1, $2, $3, $4, $5, $6, $7) RETURNING "id"[0m  [["title", "Code Platoon"], ["description", "Bootcamp"], ["address", "444 N Wabash Chicago IL"], ["created_at", 2017-03-29 14:45:15 UTC], ["updated_at", 2017-03-29 14:45:15 UTC], ["latitude", 41.8905501], ["longitude", -87.62684730000001]]
  [1m[35m (119.2ms)[0m  [1m[35mCOMMIT[0m
Redirected to http://localhost:3000/locations/1
Completed 302 Found in 1068ms (ActiveRecord: 213.6ms)


Started GET "/locations/1" for ::1 at 2017-03-29 09:45:15 -0500
Processing by LocationsController#show as HTML
  Parameters: {"id"=>"1"}
  [1m[36mUser Load (0.7ms)[0m  [1m[34mSELECT  "users".* FROM "users" WHERE "users"."id" = $1 ORDER BY "users"."id" ASC LIMIT $2[0m  [["id", 1], ["LIMIT", 1]]
  [1m[36mLocation Load (0.4ms)[0m  [1m[34mSELECT  "locations".* FROM "locations" WHERE "locations"."id" = $1 LIMIT $2[0m  [["id", 1], ["LIMIT", 1]]
  Rendering locations/show.html.erb within layouts/application
  Rendered locations/_google_map.html.erb (0.8ms)
  Rendered locations/show.html.erb within layouts/application (49.9ms)
  Rendered layouts/_header.html.erb (1.8ms)
Completed 200 OK in 813ms (Views: 695.6ms | ActiveRecord: 1.5ms)


Started GET "/?q=Chicago" for ::1 at 2017-03-29 10:04:19 -0500
Processing by LocationsController#index as HTML
  Parameters: {"q"=>"Chicago"}
  [1m[36mUser Load (71.5ms)[0m  [1m[34mSELECT  "users".* FROM "users" WHERE "users"."id" = $1 ORDER BY "users"."id" ASC LIMIT $2[0m  [["id", 1], ["LIMIT", 1]]
  Rendering locations/index.html.erb within layouts/application
  [1m[36mLocation Load (0.7ms)[0m  [1m[34mSELECT "locations".* FROM "locations"[0m
  Rendered locations/index.html.erb within layouts/application (235.3ms)
  Rendered layouts/_header.html.erb (21.5ms)
Completed 200 OK in 1366ms (Views: 1065.9ms | ActiveRecord: 72.2ms)


Started GET "/locations/1/edit" for ::1 at 2017-03-29 10:04:50 -0500
Processing by LocationsController#edit as HTML
  Parameters: {"id"=>"1"}
  [1m[36mUser Load (0.8ms)[0m  [1m[34mSELECT  "users".* FROM "users" WHERE "users"."id" = $1 ORDER BY "users"."id" ASC LIMIT $2[0m  [["id", 1], ["LIMIT", 1]]
  [1m[36mLocation Load (0.5ms)[0m  [1m[34mSELECT  "locations".* FROM "locations" WHERE "locations"."id" = $1 LIMIT $2[0m  [["id", 1], ["LIMIT", 1]]
  Rendering locations/edit.html.erb within layouts/application
  Rendered locations/_form.html.erb (72.8ms)
  Rendered locations/edit.html.erb within layouts/application (146.7ms)
  Rendered layouts/_header.html.erb (1.7ms)
Completed 200 OK in 435ms (Views: 379.8ms | ActiveRecord: 1.3ms)


Started GET "/locations" for ::1 at 2017-03-29 10:04:58 -0500
Processing by LocationsController#index as HTML
  [1m[36mUser Load (0.6ms)[0m  [1m[34mSELECT  "users".* FROM "users" WHERE "users"."id" = $1 ORDER BY "users"."id" ASC LIMIT $2[0m  [["id", 1], ["LIMIT", 1]]
  Rendering locations/index.html.erb within layouts/application
  [1m[36mLocation Load (0.4ms)[0m  [1m[34mSELECT "locations".* FROM "locations"[0m
  Rendered locations/index.html.erb within layouts/application (2.5ms)
  Rendered layouts/_header.html.erb (1.8ms)
Completed 200 OK in 260ms (Views: 224.2ms | ActiveRecord: 1.0ms)


Started GET "/locations/new" for ::1 at 2017-03-29 10:05:01 -0500
Processing by LocationsController#new as HTML
  [1m[36mUser Load (0.6ms)[0m  [1m[34mSELECT  "users".* FROM "users" WHERE "users"."id" = $1 ORDER BY "users"."id" ASC LIMIT $2[0m  [["id", 1], ["LIMIT", 1]]
  Rendering locations/new.html.erb within layouts/application
  Rendered locations/_form.html.erb (7.0ms)
  Rendered locations/new.html.erb within layouts/application (29.2ms)
  Rendered layouts/_header.html.erb (0.8ms)
Completed 200 OK in 162ms (Views: 133.8ms | ActiveRecord: 0.6ms)


Started POST "/locations" for ::1 at 2017-03-29 10:05:26 -0500
Processing by LocationsController#create as HTML
  Parameters: {"utf8"=>"✓", "authenticity_token"=>"Iqoh5v/i2gAqZ1GmVaSNATo06GiF3AgumLmVGfOizQpkp4GUiWh9GAV9fbvu/ZFHuLq7tPEF3OJbM485By4VUA==", "location"=>{"title"=>"My House", "address"=>"12875 Monroe Street Crown Point IN", "description"=>"HOME"}, "commit"=>"Create Location"}
  [1m[36mUser Load (1.0ms)[0m  [1m[34mSELECT  "users".* FROM "users" WHERE "users"."id" = $1 ORDER BY "users"."id" ASC LIMIT $2[0m  [["id", 1], ["LIMIT", 1]]
  [1m[35m (0.2ms)[0m  [1m[35mBEGIN[0m
  [1m[35mSQL (1.6ms)[0m  [1m[32mINSERT INTO "locations" ("title", "description", "address", "created_at", "updated_at", "latitude", "longitude") VALUES ($1, $2, $3, $4, $5, $6, $7) RETURNING "id"[0m  [["title", "My House"], ["description", "HOME"], ["address", "12875 Monroe Street Crown Point IN"], ["created_at", 2017-03-29 15:05:26 UTC], ["updated_at", 2017-03-29 15:05:26 UTC], ["latitude", 41.3846651], ["longitude", -87.3407275]]
  [1m[35m (0.6ms)[0m  [1m[35mCOMMIT[0m
Redirected to http://localhost:3000/locations/2
Completed 302 Found in 864ms (ActiveRecord: 3.4ms)


Started GET "/locations/2" for ::1 at 2017-03-29 10:05:26 -0500
Processing by LocationsController#show as HTML
  Parameters: {"id"=>"2"}
  [1m[36mUser Load (0.6ms)[0m  [1m[34mSELECT  "users".* FROM "users" WHERE "users"."id" = $1 ORDER BY "users"."id" ASC LIMIT $2[0m  [["id", 1], ["LIMIT", 1]]
  [1m[36mLocation Load (0.3ms)[0m  [1m[34mSELECT  "locations".* FROM "locations" WHERE "locations"."id" = $1 LIMIT $2[0m  [["id", 2], ["LIMIT", 1]]
  Rendering locations/show.html.erb within layouts/application
  Rendered locations/_google_map.html.erb (211.9ms)
  Rendered locations/show.html.erb within layouts/application (239.9ms)
  Rendered layouts/_header.html.erb (0.8ms)
Completed 200 OK in 597ms (Views: 560.8ms | ActiveRecord: 0.9ms)


